<?xml version="1.0" encoding="UTF-8"?>
<!-- Generated by org.testng.reporters.JUnitReportReporter -->
<testsuite hostname="LTIN193891" failures="0" tests="3" name="TestCases.testcase_healthinsurance" time="3.449" errors="0" timestamp="2024-03-02T17:13:42 IST" skipped="0">
  <testcase classname="TestCases.testcase_healthinsurance" name="navigateHomePage" time="2.301"/>
  <testcase classname="TestCases.testcase_healthinsurance" name="clickproduct" time="0.112"/>
  <testcase classname="TestCases.testcase_healthinsurance" name="displayinsurancelist" time="1.036"/>
</testsuite> <!-- TestCases.testcase_healthinsurance -->
