<?xml version="1.0" encoding="UTF-8"?>
<!-- Generated by org.testng.reporters.JUnitReportReporter -->
<testsuite hostname="LTIN193891" failures="0" tests="10" name="TestCases.testcase_travelinsurance" time="33.980" errors="0" timestamp="2024-03-02T17:13:42 IST" skipped="0">
  <testcase classname="TestCases.testcase_travelinsurance" name="countrydetails" time="4.386"/>
  <testcase classname="TestCases.testcase_travelinsurance" name="tripdates" time="3.895"/>
  <testcase classname="TestCases.testcase_travelinsurance" name="travellerage" time="9.012"/>
  <testcase classname="TestCases.testcase_travelinsurance" name="medicaldetails" time="0.575"/>
  <testcase classname="TestCases.testcase_travelinsurance" name="Enteringphone" time="1.312"/>
  <testcase classname="TestCases.testcase_travelinsurance" name="plantype" time="4.025"/>
  <testcase classname="TestCases.testcase_travelinsurance" name="studentinfo" time="4.331"/>
  <testcase classname="TestCases.testcase_travelinsurance" name="tripduration" time="0.316"/>
  <testcase classname="TestCases.testcase_travelinsurance" name="addingfilter" time="4.243"/>
  <testcase classname="TestCases.testcase_travelinsurance" name="InsurancePlans" time="1.885"/>
</testsuite> <!-- TestCases.testcase_travelinsurance -->
