<?xml version="1.0" encoding="UTF-8"?>
<!-- Generated by org.testng.reporters.JUnitReportReporter -->
<testsuite hostname="LTIN193891" failures="0" tests="7" name="TestCases.testcase_carinsurance" time="34.288" errors="0" timestamp="2024-03-02T17:13:42 IST" skipped="0">
  <testcase classname="TestCases.testcase_carinsurance" name="homePage" time="2.272"/>
  <testcase classname="TestCases.testcase_carinsurance" name="carinsurancepage" time="10.306"/>
  <testcase classname="TestCases.testcase_carinsurance" name="cityandrto" time="4.261"/>
  <testcase classname="TestCases.testcase_carinsurance" name="carbrand" time="4.376"/>
  <testcase classname="TestCases.testcase_carinsurance" name="varient" time="4.451"/>
  <testcase classname="TestCases.testcase_carinsurance" name="invalidemail" time="6.502"/>
  <testcase classname="TestCases.testcase_carinsurance" name="errorMessage" time="2.120"/>
</testsuite> <!-- TestCases.testcase_carinsurance -->
